           _                 _    
  __ _  __| |_ __ __ _ _ __ | |_  
 / _` |/ _` | '__/ _` | '_ \| __| 
| (_| | (_| | | | (_| | | | | |_  
 \__, |\__,_|_|  \__,_|_| |_|\__| 
    |_|                           

Version: 1.11.4, build: d8b6e4a0
Access web UI at http://localhost:6333/dashboard

2024-09-24T10:47:36.612186Z  INFO storage::content_manager::consensus::persistent: Loading raft state from ./storage/raft_state.json    
2024-09-24T10:47:36.612884Z DEBUG storage::content_manager::consensus::persistent: State: Persistent { state: RaftState { hard_state: HardState { term: 0, vote: 0, commit: 0 }, conf_state: ConfState { voters: [8490251200636234], learners: [], voters_outgoing: [], learners_next: [], auto_leave: false } }, latest_snapshot_meta: SnapshotMetadataSer { term: 0, index: 0 }, apply_progress_queue: EntryApplyProgressQueue(None), peer_address_by_id: RwLock { data: {} }, peer_metadata_by_id: RwLock { data: {} }, cluster_metadata: {}, this_peer_id: 8490251200636234, path: "./storage/raft_state.json", dirty: false }    
2024-09-24T10:47:36.638964Z  INFO storage::content_manager::toc: Loading collection: default    
2024-09-24T10:47:37.091565Z  INFO collection::shards::local_shard: Recovering collection default: 0/1 (0%)    
2024-09-24T10:47:37.170664Z  INFO collection::shards::local_shard: Recovered collection default: 1/1 (100%)    
2024-09-24T10:47:37.179348Z DEBUG qdrant: Loaded collection: default    
2024-09-24T10:47:37.179513Z  INFO qdrant: Distributed mode disabled    
2024-09-24T10:47:37.179675Z  INFO qdrant: Telemetry reporting disabled    
2024-09-24T10:47:37.180667Z DEBUG qdrant: Waiting for thread web to finish    
2024-09-24T10:47:37.181610Z  WARN qdrant::actix::web_ui: Static content folder for Web UI './static' does not exist    
2024-09-24T10:47:37.182262Z  INFO qdrant::actix: TLS disabled for REST API    
2024-09-24T10:47:37.182571Z  INFO qdrant::actix: Qdrant HTTP listening on 6333    
2024-09-24T10:47:37.182725Z  INFO actix_server::builder: Starting 7 workers
2024-09-24T10:47:37.182914Z  INFO actix_server::server: Actix runtime found; starting in Actix runtime
2024-09-24T10:47:37.189722Z  INFO qdrant::tonic: Qdrant gRPC listening on 6334    
2024-09-24T10:47:37.189764Z  INFO qdrant::tonic: TLS disabled for gRPC API    
2024-09-24T10:47:46.648926Z  INFO storage::content_manager::toc::collection_meta_ops: Deleting collection default    
2024-09-24T10:47:46.650460Z DEBUG collection::update_handler: Stopping flush worker.    
2024-09-24T10:47:46.661988Z  INFO actix_web::middleware::logger: 127.0.0.1 "DELETE /collections/default HTTP/1.1" 200 48 "-" "curl/7.81.0" 0.014740    
2024-09-24T10:48:05.510950Z DEBUG storage::content_manager::snapshots::recover: Downloading snapshot from file:///home/yash/gaianet/qdrant/snapshots/default/default.snapshot to /home/yash/gaianet/qdrant/./snapshots/tmp/download-3KhaoA    
2024-09-24T10:48:05.511828Z DEBUG storage::content_manager::snapshots::recover: Snapshot downloaded to /home/yash/gaianet/qdrant/snapshots/default/default.snapshot    
2024-09-24T10:48:05.512244Z DEBUG storage::content_manager::snapshots::recover: Recovering collection default from snapshot /home/yash/gaianet/qdrant/snapshots/default/default.snapshot    
2024-09-24T10:48:05.512255Z DEBUG storage::content_manager::snapshots::recover: Unpacking snapshot to /home/yash/gaianet/qdrant/./storage/tmp/col-default-recovery-oWKMYD    
2024-09-24T10:48:07.671448Z DEBUG storage::content_manager::snapshots::recover: Collection default does not exist, creating it    
2024-09-24T10:48:07.675232Z  INFO storage::content_manager::toc::collection_meta_ops: Creating collection default    
2024-09-24T10:48:07.923245Z DEBUG collection::collection: Changing shard default:0 replica state from Some(Initializing) to Active    
2024-09-24T10:48:07.923821Z DEBUG collection::shards::replica_set: Changing local shard default:0 state from Some(Initializing) to Active    
2024-09-24T10:48:07.931063Z DEBUG storage::content_manager::snapshots::recover: Recovering shard 0 from /home/yash/gaianet/qdrant/./storage/tmp/col-default-recovery-oWKMYD/0    
2024-09-24T10:48:07.933169Z DEBUG collection::update_handler: Stopping flush worker.    
2024-09-24T10:48:08.118599Z  INFO collection::shards::local_shard: Recovering collection default: 0/35 (0%)    
2024-09-24T10:48:08.201338Z  INFO collection::shards::local_shard: Recovered collection default: 35/35 (100%)    
2024-09-24T10:48:08.204681Z DEBUG storage::content_manager::snapshots::recover: Activating shard 0 of collection default locally    
2024-09-24T10:48:08.204712Z DEBUG collection::collection: Changing shard default:0 replica state from Some(Active) to Active    
2024-09-24T10:48:08.204722Z DEBUG collection::shards::replica_set: Changing local shard default:0 state from Some(Active) to Active    
2024-09-24T10:48:08.211246Z  INFO actix_web::middleware::logger: 127.0.0.1 "POST /collections/default/snapshots/upload?priority=snapshot HTTP/1.1" 200 47 "-" "curl/7.81.0" 3.981694    
2024-09-24T10:48:13.256255Z  INFO actix_server::server: SIGTERM received; starting graceful shutdown
2024-09-24T10:48:13.256257Z DEBUG qdrant::tonic: Stopping gRPC service on SIGTERM    
2024-09-24T10:48:13.257663Z  INFO actix_server::worker: Shutting down idle worker
2024-09-24T10:48:13.257679Z  INFO actix_server::worker: Shutting down idle worker
2024-09-24T10:48:13.257692Z  INFO actix_server::worker: Shutting down idle worker
2024-09-24T10:48:13.257704Z DEBUG actix_server::accept: Paused accepting connections on 127.0.0.1:6333
2024-09-24T10:48:13.257769Z  INFO actix_server::accept: Accept thread stopped
2024-09-24T10:48:13.257749Z  INFO actix_server::worker: Shutting down idle worker
2024-09-24T10:48:13.257867Z  INFO actix_server::worker: Shutting down idle worker
2024-09-24T10:48:13.257715Z  INFO actix_server::worker: Shutting down idle worker
2024-09-24T10:48:13.259005Z  INFO actix_server::worker: Shutting down idle worker
2024-09-24T10:48:13.569256Z DEBUG qdrant: Waiting for thread grpc to finish    
2024-09-24T10:48:13.570717Z DEBUG collection::update_handler: Stopping flush worker.    
